<?xml version="1.0" encoding="UTF-8"?>
<testsuite name="evaluator.CriteriasFetcherTest" tests="4" skipped="0" failures="0" errors="0" timestamp="2023-11-26T07:11:19" hostname="saivarshith" time="0.033">
  <properties/>
  <testcase name="checkCriteriaListHasEmploymentCriteria()" classname="evaluator.CriteriasFetcherTest" time="0.024"/>
  <testcase name="checkFetchedCriterionIsCrimialRecordsCriteria()" classname="evaluator.CriteriasFetcherTest" time="0.002"/>
  <testcase name="checkFetchedCriterionIsEmploymentCriteria()" classname="evaluator.CriteriasFetcherTest" time="0.001"/>
  <testcase name="checkCriteriaListHasCriminalRecordsCriteria()" classname="evaluator.CriteriasFetcherTest" time="0.003"/>
  <system-out><![CDATA[]]></system-out>
  <system-err><![CDATA[]]></system-err>
</testsuite>
