<?xml version="1.0" encoding="UTF-8"?>
<testsuite name="evaluator.ApplicantEvaluatorTest" tests="7" skipped="0" failures="0" errors="0" timestamp="2023-11-26T07:11:19" hostname="saivarshith" time="0.045">
  <properties/>
  <testcase name="processApplicationWithEmplymentCriteriaAndNoCriminalRecord()" classname="evaluator.ApplicantEvaluatorTest" time="0.034"/>
  <testcase name="processApplicationWithEmplymentCriteriaAndCriminalRecord()" classname="evaluator.ApplicantEvaluatorTest" time="0.002"/>
  <testcase name="canary()" classname="evaluator.ApplicantEvaluatorTest" time="0.002"/>
  <testcase name="processApplicationWithNoEmplymentCriteriaAndNoCriminalRecord()" classname="evaluator.ApplicantEvaluatorTest" time="0.001"/>
  <testcase name="processApplicationWithCriteriaProvidedAndNotMatched()" classname="evaluator.ApplicantEvaluatorTest" time="0.001"/>
  <testcase name="processApplicationWithNoCriteriaProvided()" classname="evaluator.ApplicantEvaluatorTest" time="0.0"/>
  <testcase name="processApplicationWithCriteriaProvided()" classname="evaluator.ApplicantEvaluatorTest" time="0.001"/>
  <system-out><![CDATA[]]></system-out>
  <system-err><![CDATA[]]></system-err>
</testsuite>
